<?xml version="1.0" encoding="UTF-8"?>
<testsuite xmlns:xsi="http://www.w3.org/2001/XMLSchema-instance" xsi:noNamespaceSchemaLocation="https://maven.apache.org/surefire/maven-surefire-plugin/xsd/surefire-test-report.xsd" name="filpkart10.AppTest" time="0.079" tests="1" errors="0" skipped="0" failures="0">
  <properties>
    <property name="java.specification.version" value="17"/>
    <property name="sun.cpu.isalist" value="amd64"/>
    <property name="sun.jnu.encoding" value="Cp1252"/>
    <property name="java.class.path" value="C:\Users\sivay\OneDrive\Desktop\developers\flipkart\watches\watches\target\test-classes;C:\Users\sivay\OneDrive\Desktop\developers\flipkart\watches\watches\target\classes;C:\Users\sivay\.m2\repository\junit\junit\4.11\junit-4.11.jar;C:\Users\sivay\.m2\repository\org\hamcrest\hamcrest-core\1.3\hamcrest-core-1.3.jar;"/>
    <property name="java.vm.vendor" value="Oracle Corporation"/>
    <property name="sun.arch.data.model" value="64"/>
    <property name="user.variant" value=""/>
    <property name="java.vendor.url" value="https://java.oracle.com/"/>
    <property name="user.timezone" value="Asia/Calcutta"/>
    <property name="os.name" value="Windows 11"/>
    <property name="java.vm.specification.version" value="17"/>
    <property name="sun.java.launcher" value="SUN_STANDARD"/>
    <property name="user.country" value="IN"/>
    <property name="sun.boot.library.path" value="C:\Program Files\Java\jdk-17\bin"/>
    <property name="sun.java.command" value="C:\Users\sivay\AppData\Local\Temp\surefire16506892787560254202\surefirebooter17010327171087729474.jar C:\Users\sivay\AppData\Local\Temp\surefire16506892787560254202 2023-09-28T16-54-07_624-jvmRun1 surefire1129169286036512343tmp surefire_015251883444993765309tmp"/>
    <property name="jdk.debug" value="release"/>
    <property name="surefire.test.class.path" value="C:\Users\sivay\OneDrive\Desktop\developers\flipkart\watches\watches\target\test-classes;C:\Users\sivay\OneDrive\Desktop\developers\flipkart\watches\watches\target\classes;C:\Users\sivay\.m2\repository\junit\junit\4.11\junit-4.11.jar;C:\Users\sivay\.m2\repository\org\hamcrest\hamcrest-core\1.3\hamcrest-core-1.3.jar;"/>
    <property name="sun.cpu.endian" value="little"/>
    <property name="user.home" value="C:\Users\sivay"/>
    <property name="user.language" value="en"/>
    <property name="java.specification.vendor" value="Oracle Corporation"/>
    <property name="java.version.date" value="2023-07-18"/>
    <property name="java.home" value="C:\Program Files\Java\jdk-17"/>
    <property name="file.separator" value="\"/>
    <property name="basedir" value="C:\Users\sivay\OneDrive\Desktop\developers\flipkart\watches\watches"/>
    <property name="java.vm.compressedOopsMode" value="32-bit"/>
    <property name="line.separator" value="&#10;"/>
    <property name="java.vm.specification.vendor" value="Oracle Corporation"/>
    <property name="java.specification.name" value="Java Platform API Specification"/>
    <property name="surefire.real.class.path" value="C:\Users\sivay\AppData\Local\Temp\surefire16506892787560254202\surefirebooter17010327171087729474.jar"/>
    <property name="user.script" value=""/>
    <property name="sun.management.compiler" value="HotSpot 64-Bit Tiered Compilers"/>
    <property name="java.runtime.version" value="17.0.8+9-LTS-211"/>
    <property name="user.name" value="sivay"/>
    <property name="path.separator" value=";"/>
    <property name="os.version" value="10.0"/>
    <property name="java.runtime.name" value="Java(TM) SE Runtime Environment"/>
    <property name="file.encoding" value="Cp1252"/>
    <property name="java.vm.name" value="Java HotSpot(TM) 64-Bit Server VM"/>
    <property name="localRepository" value="C:\Users\sivay\.m2\repository"/>
    <property name="java.vendor.url.bug" value="https://bugreport.java.com/bugreport/"/>
    <property name="java.io.tmpdir" value="C:\Users\sivay\AppData\Local\Temp\"/>
    <property name="java.version" value="17.0.8"/>
    <property name="user.dir" value="C:\Users\sivay\OneDrive\Desktop\developers\flipkart\watches\watches"/>
    <property name="os.arch" value="amd64"/>
    <property name="java.vm.specification.name" value="Java Virtual Machine Specification"/>
    <property name="sun.os.patch.level" value=""/>
    <property name="native.encoding" value="Cp1252"/>
    <property name="java.library.path" value="C:\Program Files\Java\jdk-17\bin;C:\Windows\Sun\Java\bin;C:\Windows\system32;C:\Windows;C:\Program Files\Common Files\Oracle\Java\javapath;C:\Windows\system32;C:\Windows;C:\Windows\System32\Wbem;C:\Windows\System32\WindowsPowerShell\v1.0\;C:\Windows\System32\OpenSSH\;C:\Program Files\Git\cmd;C:\Users\sivay\Downloads\apache-maven-3.9.4-bin\apache-maven-3.9.4\bin;C:\Users\sivay\Downloads\apache-maven-3.9.4-bin\apache-maven-3.9.4\bin;C:\Users\sivay\Downloads\apache-maven-3.9.4-bin\apache-maven-3.9.4\bin;C:\Program Files\Java\jdk-17\bin;C:\Users\sivay\Downloads\apache-maven-3.9.4-bin.zip\apache-maven-3.9.4\bin;C:\Users\sivay\Downloads\apache-maven-3.9.4-bin.zip\apache-maven-3.9.4\bin;C:\Users\sivay\Downloads\apache-maven-3.9.4-bin\apache-maven-3.9.4\bin;C:\Users\sivay\Downloads\apache-maven-3.9.4-bin\apache-maven-3.9.4\bin;C:\Users\sivay\Downloads\apache-maven-3.9.4-bin \apache-maven-3.9.4\bin;C:\Users\sivay\AppData\Local\Microsoft\WindowsApps;;."/>
    <property name="java.vm.info" value="mixed mode, sharing"/>
    <property name="java.vendor" value="Oracle Corporation"/>
    <property name="java.vm.version" value="17.0.8+9-LTS-211"/>
    <property name="sun.io.unicode.encoding" value="UnicodeLittle"/>
    <property name="java.class.version" value="61.0"/>
  </properties>
  <testcase name="shouldAnswerWithTrue" classname="filpkart10.AppTest" time="0.005"/>
</testsuite>